<?xml version="1.0" encoding="UTF-8"?>
<!-- Generated by org.testng.reporters.JUnitReportReporter -->
<testsuite hostname="LAPTOP-QQA6AGH0" failures="0" tests="3" name="tests.HomePageTest" time="17.452" errors="0" timestamp="2026-03-01T17:09:09 IST" skipped="0">
  <testcase classname="tests.HomePageTest" name="testHomePageURL" time="11.048"/>
  <testcase classname="tests.HomePageTest" name="testPageSourceNotEmpty" time="2.436"/>
  <testcase classname="tests.HomePageTest" name="testHomePageLoads" time="3.968"/>
</testsuite> <!-- tests.HomePageTest -->
