<?xml version="1.0" encoding="UTF-8"?>
<testng-results ignored="0" total="3" passed="3" failed="0" skipped="0">
  <reporter-output>
  </reporter-output>
  <suite started-at="2026-03-01T17:08:51 IST" name="Surefire suite" finished-at="2026-03-01T17:09:09 IST" duration-ms="17499">
    <groups>
    </groups>
    <test started-at="2026-03-01T17:08:51 IST" name="Surefire test" finished-at="2026-03-01T17:09:09 IST" duration-ms="17499">
      <class name="tests.HomePageTest">
        <test-method signature="testHomePageLoads()[pri:0, instance:tests.HomePageTest@1e9e725a]" started-at="2026-03-01T17:08:51 IST" name="testHomePageLoads" finished-at="2026-03-01T17:08:55 IST" duration-ms="3968" status="PASS">
          <reporter-output>
          </reporter-output>
        </test-method> <!-- testHomePageLoads -->
        <test-method signature="testHomePageURL()[pri:0, instance:tests.HomePageTest@1e9e725a]" started-at="2026-03-01T17:08:55 IST" name="testHomePageURL" finished-at="2026-03-01T17:09:06 IST" duration-ms="11048" status="PASS">
          <reporter-output>
          </reporter-output>
        </test-method> <!-- testHomePageURL -->
        <test-method signature="testPageSourceNotEmpty()[pri:0, instance:tests.HomePageTest@1e9e725a]" started-at="2026-03-01T17:09:06 IST" name="testPageSourceNotEmpty" finished-at="2026-03-01T17:09:09 IST" duration-ms="2436" status="PASS">
          <reporter-output>
          </reporter-output>
        </test-method> <!-- testPageSourceNotEmpty -->
      </class> <!-- tests.HomePageTest -->
    </test> <!-- Surefire test -->
  </suite> <!-- Surefire suite -->
</testng-results>
